InnoDB: using atomic writes.
2021-06-16 14:28:43 0 [Note] InnoDB: Uses event mutexes
2021-06-16 14:28:43 0 [Note] InnoDB: Compressed tables use zlib 1.2.11
2021-06-16 14:28:43 0 [Note] InnoDB: Number of pools: 1
2021-06-16 14:28:43 0 [Note] InnoDB: Using crc32 + pclmulqdq instructions
2021-06-16 14:28:43 0 [Note] InnoDB: Initializing buffer pool, total size = 536870912, chunk size = 134217728
2021-06-16 14:28:43 0 [Note] InnoDB: Completed initialization of buffer pool
2021-06-16 14:28:57 0 [Note] InnoDB: 128 rollback segments are active.
2021-06-16 14:28:59 0 [Note] InnoDB: Creating shared tablespace for temporary tables
2021-06-16 14:29:00 0 [Note] InnoDB: Setting file '.\ibtmp1' size to 12 MB. Physically writing the file full; Please wait ...
2021-06-16 14:29:00 0 [Note] InnoDB: File '.\ibtmp1' size is now 12 MB.
2021-06-16 14:29:00 0 [Note] InnoDB: 10.5.9 started; log sequence number 45118; transaction id 20
2021-06-16 14:29:00 0 [Note] Plugin 'FEEDBACK' is disabled.
2021-06-16 14:29:00 0 [Note] InnoDB: Loading buffer pool(s) from F:\xampp\htdocs\payalVimal\project2\venders\database\data\ib_buffer_pool
2021-06-16 14:29:00 0 [Note] Server socket created on IP: '::'.
2021-06-16 14:29:01 0 [Note] InnoDB: Buffer pool(s) load completed at 210616 14:29:01
2021-06-16 14:29:02 0 [Note] Reading of all Master_info entries succeeded
2021-06-16 14:29:02 0 [Note] Added new Master_info '' to hash table
2021-06-16 14:29:02 0 [Note] F:\xampp\htdocs\payalVimal\project2\venders\database\bin\mysqld.exe: ready for connections.
Version: '10.5.9-MariaDB'  socket: ''  port: 3308  mariadb.org binary distribution
2021-06-16 14:47:14 3 [Warning] Access denied for user 'rot'@'localhost' (using password: YES)
