InnoDB: using atomic writes.
2021-06-16 14:28:43 0 [Note] InnoDB: Uses event mutexes
2021-06-16 14:28:43 0 [Note] InnoDB: Compressed tables use zlib 1.2.11
2021-06-16 14:28:43 0 [Note] InnoDB: Number of pools: 1
2021-06-16 14:28:43 0 [Note] InnoDB: Using crc32 + pclmulqdq instructions
2021-06-16 14:28:43 0 [Note] InnoDB: Initializing buffer pool, total size = 536870912, chunk size = 134217728
2021-06-16 14:28:43 0 [Note] InnoDB: Completed initialization of buffer pool
2021-06-16 14:28:57 0 [Note] InnoDB: 128 rollback segments are active.
2021-06-16 14:28:59 0 [Note] InnoDB: Creating shared tablespace for temporary tables
2021-06-16 14:29:00 0 [Note] InnoDB: Setting file '.\ibtmp1' size to 12 MB. Physically writing the file full; Please wait ...
2021-06-16 14:29:00 0 [Note] InnoDB: File '.\ibtmp1' size is now 12 MB.
2021-06-16 14:29:00 0 [Note] InnoDB: 10.5.9 started; log sequence number 45118; transaction id 20
2021-06-16 14:29:00 0 [Note] Plugin 'FEEDBACK' is disabled.
2021-06-16 14:29:00 0 [Note] InnoDB: Loading buffer pool(s) from F:\xampp\htdocs\payalVimal\project2\venders\database\data\ib_buffer_pool
2021-06-16 14:29:00 0 [Note] Server socket created on IP: '::'.
2021-06-16 14:29:01 0 [Note] InnoDB: Buffer pool(s) load completed at 210616 14:29:01
2021-06-16 14:29:02 0 [Note] Reading of all Master_info entries succeeded
2021-06-16 14:29:02 0 [Note] Added new Master_info '' to hash table
2021-06-16 14:29:02 0 [Note] F:\xampp\htdocs\payalVimal\project2\venders\database\bin\mysqld.exe: ready for connections.
Version: '10.5.9-MariaDB'  socket: ''  port: 3308  mariadb.org binary distribution
2021-06-16 14:47:14 3 [Warning] Access denied for user 'rot'@'localhost' (using password: YES)
2021-06-16 18:51:08 4 [Warning] Aborted connection 4 to db: 'unconnected' user: 'root' host: 'localhost' (Got an error reading communication packets)
2021-06-16 19:09:07 0 [Note] F:\xampp\htdocs\payalVimal\project2\venders\database\bin\mysqld.exe (initiated by: unknown): Normal shutdown
2021-06-16 19:09:08 0 [Note] Event Scheduler: Purging the queue. 0 events
2021-06-16 19:09:12 0 [Note] InnoDB: FTS optimize thread exiting.
2021-06-16 19:09:17 0 [Note] InnoDB: Starting shutdown...
2021-06-16 19:10:13 0 [Note] InnoDB: Dumping buffer pool(s) to F:\xampp\htdocs\payalVimal\project2\venders\database\data\ib_buffer_pool
2021-06-16 19:10:13 0 [Note] InnoDB: Buffer pool(s) dump completed at 210616 19:10:13
2021-06-16 19:10:18 0 [Note] InnoDB: Removed temporary tablespace data file: "ibtmp1"
2021-06-16 19:10:18 0 [Note] InnoDB: Shutdown completed; log sequence number 45130; transaction id 21
2021-06-16 19:10:21 0 [Note] F:\xampp\htdocs\payalVimal\project2\venders\database\bin\mysqld.exe: Shutdown complete

InnoDB: using atomic writes.
2021-06-16 19:15:54 0 [Note] InnoDB: Uses event mutexes
2021-06-16 19:15:54 0 [Note] InnoDB: Compressed tables use zlib 1.2.11
2021-06-16 19:15:56 0 [Note] InnoDB: Number of pools: 1
2021-06-16 19:15:58 0 [Note] InnoDB: Using crc32 + pclmulqdq instructions
2021-06-16 19:15:58 0 [Note] InnoDB: Initializing buffer pool, total size = 536870912, chunk size = 134217728
2021-06-16 19:15:59 0 [Note] InnoDB: Completed initialization of buffer pool
2021-06-16 19:16:16 0 [Note] InnoDB: 128 rollback segments are active.
2021-06-16 19:16:22 0 [Note] InnoDB: Creating shared tablespace for temporary tables
2021-06-16 19:16:22 0 [Note] InnoDB: Setting file '.\ibtmp1' size to 12 MB. Physically writing the file full; Please wait ...
2021-06-16 19:16:22 0 [Note] InnoDB: File '.\ibtmp1' size is now 12 MB.
2021-06-16 19:16:22 0 [Note] InnoDB: 10.5.9 started; log sequence number 45130; transaction id 20
2021-06-16 19:16:23 0 [Note] InnoDB: Loading buffer pool(s) from F:\xampp\htdocs\payalVimal\project2\venders\database\data\ib_buffer_pool
2021-06-16 19:16:23 0 [Note] Plugin 'FEEDBACK' is disabled.
2021-06-16 19:16:25 0 [Note] InnoDB: Buffer pool(s) load completed at 210616 19:16:25
2021-06-16 19:16:31 0 [Note] Server socket created on IP: '::'.
2021-06-16 19:16:47 0 [Note] Reading of all Master_info entries succeeded
2021-06-16 19:16:47 0 [Note] Added new Master_info '' to hash table
2021-06-16 19:16:47 0 [Note] F:\xampp\htdocs\payalVimal\project2\venders\database\bin\mysqld.exe: ready for connections.
Version: '10.5.9-MariaDB'  socket: ''  port: 3308  mariadb.org binary distribution
2021-06-17 11:17:00 3 [Warning] Access denied for user 'rot'@'localhost' (using password: NO)
2021-06-17 11:47:05 6 [Warning] Access denied for user 'root'@'localhost' (using password: YES)
2021-06-17 16:49:05 4 [Warning] Aborted connection 4 to db: 'companydirectory' user: 'root' host: 'localhost' (Got an error reading communication packets)
2021-06-17 21:24:10 0 [Note] F:\xampp\htdocs\payalVimal\project2\venders\database\bin\mysqld.exe (initiated by: unknown): Normal shutdown
2021-06-17 21:24:11 0 [Note] Event Scheduler: Purging the queue. 0 events
2021-06-17 21:24:18 0 [Note] InnoDB: FTS optimize thread exiting.
2021-06-17 21:25:02 0 [Note] InnoDB: Starting shutdown...
2021-06-17 21:25:02 0 [Note] InnoDB: Dumping buffer pool(s) to F:\xampp\htdocs\payalVimal\project2\venders\database\data\ib_buffer_pool
2021-06-17 21:25:02 0 [Note] InnoDB: Buffer pool(s) dump completed at 210617 21:25:02
2021-06-17 21:27:46 0 [Note] InnoDB: Removed temporary tablespace data file: "ibtmp1"
2021-06-17 21:27:47 0 [Note] InnoDB: Shutdown completed; log sequence number 69978; transaction id 60
2021-06-17 21:28:18 0 [Note] F:\xampp\htdocs\payalVimal\project2\venders\database\bin\mysqld.exe: Shutdown complete

InnoDB: using atomic writes.
2021-06-18 10:14:26 0 [Note] InnoDB: Uses event mutexes
2021-06-18 10:14:26 0 [Note] InnoDB: Compressed tables use zlib 1.2.11
2021-06-18 10:14:26 0 [Note] InnoDB: Number of pools: 1
2021-06-18 10:14:26 0 [Note] InnoDB: Using crc32 + pclmulqdq instructions
2021-06-18 10:14:26 0 [Note] InnoDB: Initializing buffer pool, total size = 536870912, chunk size = 134217728
2021-06-18 10:14:26 0 [Note] InnoDB: Completed initialization of buffer pool
2021-06-18 10:14:27 0 [Note] InnoDB: 128 rollback segments are active.
2021-06-18 10:14:27 0 [Note] InnoDB: Creating shared tablespace for temporary tables
2021-06-18 10:14:27 0 [Note] InnoDB: Setting file '.\ibtmp1' size to 12 MB. Physically writing the file full; Please wait ...
2021-06-18 10:14:27 0 [Note] InnoDB: File '.\ibtmp1' size is now 12 MB.
2021-06-18 10:14:28 0 [Note] InnoDB: 10.5.9 started; log sequence number 69978; transaction id 61
2021-06-18 10:14:28 0 [Note] InnoDB: Loading buffer pool(s) from F:\xampp\htdocs\payalVimal\project2\venders\database\data\ib_buffer_pool
2021-06-18 10:14:28 0 [Note] Plugin 'FEEDBACK' is disabled.
2021-06-18 10:14:28 0 [Note] InnoDB: Buffer pool(s) load completed at 210618 10:14:28
2021-06-18 10:14:28 0 [Note] Server socket created on IP: '::'.
2021-06-18 10:14:31 0 [Note] Reading of all Master_info entries succeeded
2021-06-18 10:14:31 0 [Note] Added new Master_info '' to hash table
2021-06-18 10:14:31 0 [Note] F:\xampp\htdocs\payalVimal\project2\venders\database\bin\mysqld.exe: ready for connections.
Version: '10.5.9-MariaDB'  socket: ''  port: 3308  mariadb.org binary distribution
2021-06-19 14:40:48 3 [Warning] Aborted connection 3 to db: 'companydirectory' user: 'root' host: 'localhost' (Got timeout reading communication packets)
2021-06-19 15:52:24 0 [Note] F:\xampp\htdocs\payalVimal\project2\venders\database\bin\mysqld.exe (initiated by: unknown): Normal shutdown
2021-06-19 15:52:30 0 [Note] Event Scheduler: Purging the queue. 0 events
2021-06-19 15:52:49 0 [Note] InnoDB: FTS optimize thread exiting.
2021-06-19 15:55:53 0 [Note] InnoDB: Starting shutdown...
2021-06-19 15:56:20 0 [Note] InnoDB: Dumping buffer pool(s) to F:\xampp\htdocs\payalVimal\project2\venders\database\data\ib_buffer_pool
2021-06-19 15:56:23 0 [Note] InnoDB: Buffer pool(s) dump completed at 210619 15:56:22
2021-06-19 16:01:06 0 [Note] InnoDB: Removed temporary tablespace data file: "ibtmp1"
2021-06-19 16:01:06 0 [Note] InnoDB: Shutdown completed; log sequence number 69990; transaction id 65
2021-06-19 16:02:19 0 [Note] F:\xampp\htdocs\payalVimal\project2\venders\database\bin\mysqld.exe: Shutdown complete

InnoDB: using atomic writes.
2021-06-19 17:04:30 0 [Note] InnoDB: Uses event mutexes
2021-06-19 17:04:30 0 [Note] InnoDB: Compressed tables use zlib 1.2.11
2021-06-19 17:04:30 0 [Note] InnoDB: Number of pools: 1
2021-06-19 17:04:30 0 [Note] InnoDB: Using crc32 + pclmulqdq instructions
2021-06-19 17:04:30 0 [Note] InnoDB: Initializing buffer pool, total size = 536870912, chunk size = 134217728
2021-06-19 17:04:30 0 [Note] InnoDB: Completed initialization of buffer pool
2021-06-19 17:04:31 0 [Note] InnoDB: 128 rollback segments are active.
2021-06-19 17:04:32 0 [Note] InnoDB: Creating shared tablespace for temporary tables
2021-06-19 17:04:32 0 [Note] InnoDB: Setting file '.\ibtmp1' size to 12 MB. Physically writing the file full; Please wait ...
2021-06-19 17:04:32 0 [Note] InnoDB: File '.\ibtmp1' size is now 12 MB.
2021-06-19 17:04:32 0 [Note] InnoDB: 10.5.9 started; log sequence number 69990; transaction id 61
2021-06-19 17:04:32 0 [Note] InnoDB: Loading buffer pool(s) from F:\xampp\htdocs\payalVimal\project2\venders\database\data\ib_buffer_pool
2021-06-19 17:04:32 0 [Note] Plugin 'FEEDBACK' is disabled.
2021-06-19 17:04:32 0 [Note] InnoDB: Buffer pool(s) load completed at 210619 17:04:32
2021-06-19 17:04:33 0 [Note] Server socket created on IP: '::'.
2021-06-19 17:04:35 0 [Note] Reading of all Master_info entries succeeded
2021-06-19 17:04:35 0 [Note] Added new Master_info '' to hash table
2021-06-19 17:04:35 0 [Note] F:\xampp\htdocs\payalVimal\project2\venders\database\bin\mysqld.exe: ready for connections.
Version: '10.5.9-MariaDB'  socket: ''  port: 3308  mariadb.org binary distribution
2021-06-20 10:51:06 3 [Warning] Aborted connection 3 to db: 'companydirectory' user: 'root' host: 'localhost' (Got timeout reading communication packets)
InnoDB: using atomic writes.
2021-06-21 10:01:24 0 [Note] InnoDB: Uses event mutexes
2021-06-21 10:01:24 0 [Note] InnoDB: Compressed tables use zlib 1.2.11
2021-06-21 10:01:24 0 [Note] InnoDB: Number of pools: 1
2021-06-21 10:01:24 0 [Note] InnoDB: Using crc32 + pclmulqdq instructions
2021-06-21 10:01:24 0 [Note] InnoDB: Initializing buffer pool, total size = 536870912, chunk size = 134217728
2021-06-21 10:01:24 0 [Note] InnoDB: Completed initialization of buffer pool
2021-06-21 10:01:25 0 [Note] InnoDB: Starting crash recovery from checkpoint LSN=69990,69990
2021-06-21 10:01:27 0 [Note] InnoDB: 128 rollback segments are active.
2021-06-21 10:01:28 0 [Note] InnoDB: Removed temporary tablespace data file: "ibtmp1"
2021-06-21 10:01:28 0 [Note] InnoDB: Creating shared tablespace for temporary tables
2021-06-21 10:01:28 0 [Note] InnoDB: Setting file '.\ibtmp1' size to 12 MB. Physically writing the file full; Please wait ...
2021-06-21 10:01:28 0 [Note] InnoDB: File '.\ibtmp1' size is now 12 MB.
2021-06-21 10:01:28 0 [Note] InnoDB: 10.5.9 started; log sequence number 70002; transaction id 61
2021-06-21 10:01:28 0 [Note] InnoDB: Loading buffer pool(s) from F:\xampp\htdocs\payalVimal\project2\venders\database\data\ib_buffer_pool
2021-06-21 10:01:28 0 [Note] Plugin 'FEEDBACK' is disabled.
2021-06-21 10:01:28 0 [Note] InnoDB: Buffer pool(s) load completed at 210621 10:01:28
2021-06-21 10:01:29 0 [Note] Server socket created on IP: '::'.
2021-06-21 10:01:31 0 [Note] Reading of all Master_info entries succeeded
2021-06-21 10:01:31 0 [Note] Added new Master_info '' to hash table
2021-06-21 10:01:31 0 [Note] F:\xampp\htdocs\payalVimal\project2\venders\database\bin\mysqld.exe: ready for connections.
Version: '10.5.9-MariaDB'  socket: ''  port: 3308  mariadb.org binary distribution
2021-06-21 15:31:32 3 [Warning] Aborted connection 3 to db: 'companydirectory' user: 'root' host: 'localhost' (Got an error reading communication packets)
2021-06-21 17:12:01 544 [Warning] Access denied for user 'root'@'localhost' (using password: YES)
2021-06-21 17:12:01 545 [Warning] Access denied for user 'root'@'localhost' (using password: YES)
2021-06-21 17:12:01 546 [Warning] Access denied for user 'root'@'localhost' (using password: YES)
2021-06-21 17:12:03 547 [Warning] Access denied for user 'root'@'localhost' (using password: YES)
2021-06-21 17:12:21 548 [Warning] Access denied for user 'root'@'localhost' (using password: YES)
InnoDB: using atomic writes.
2021-06-22  8:52:19 0 [Note] InnoDB: Uses event mutexes
2021-06-22  8:52:19 0 [Note] InnoDB: Compressed tables use zlib 1.2.11
2021-06-22  8:52:19 0 [Note] InnoDB: Number of pools: 1
2021-06-22  8:52:19 0 [Note] InnoDB: Using crc32 + pclmulqdq instructions
2021-06-22  8:52:19 0 [Note] InnoDB: Initializing buffer pool, total size = 536870912, chunk size = 134217728
2021-06-22  8:52:19 0 [Note] InnoDB: Completed initialization of buffer pool
2021-06-22  8:52:22 0 [Note] InnoDB: Starting crash recovery from checkpoint LSN=69990,69990
2021-06-22  8:52:49 0 [Note] InnoDB: 128 rollback segments are active.
2021-06-22  8:53:03 0 [Note] InnoDB: Removed temporary tablespace data file: "ibtmp1"
2021-06-22  8:53:03 0 [Note] InnoDB: Creating shared tablespace for temporary tables
2021-06-22  8:53:03 0 [Note] InnoDB: Setting file '.\ibtmp1' size to 12 MB. Physically writing the file full; Please wait ...
2021-06-22  8:53:03 0 [Note] InnoDB: File '.\ibtmp1' size is now 12 MB.
2021-06-22  8:53:04 0 [Note] InnoDB: 10.5.9 started; log sequence number 70014; transaction id 61
2021-06-22  8:53:04 0 [Note] InnoDB: Loading buffer pool(s) from F:\xampp\htdocs\payalVimal\project2\venders\database\data\ib_buffer_pool
2021-06-22  8:53:08 0 [Note] Plugin 'FEEDBACK' is disabled.
2021-06-22  8:53:18 0 [Note] InnoDB: Buffer pool(s) load completed at 210622  8:53:18
2021-06-22  8:53:32 0 [Note] Server socket created on IP: '::'.
2021-06-22  8:54:19 0 [Note] Reading of all Master_info entries succeeded
2021-06-22  8:54:19 0 [Note] Added new Master_info '' to hash table
2021-06-22  8:54:20 0 [Note] F:\xampp\htdocs\payalVimal\project2\venders\database\bin\mysqld.exe: ready for connections.
Version: '10.5.9-MariaDB'  socket: ''  port: 3308  mariadb.org binary distribution
2021-06-22 19:59:05 3 [Warning] Aborted connection 3 to db: 'companydirectory' user: 'root' host: 'localhost' (Got timeout reading communication packets)
2021-06-23  8:57:17 498 [Warning] Aborted connection 498 to db: 'companydirectory' user: 'root' host: 'localhost' (Got timeout reading communication packets)
2021-06-23 11:12:34 660 [Warning] Aborted connection 660 to db: 'companydirectory' user: 'root' host: 'localhost' (Got an error reading communication packets)
InnoDB: using atomic writes.
2021-06-23 20:19:32 0 [Note] InnoDB: Uses event mutexes
2021-06-23 20:19:32 0 [Note] InnoDB: Compressed tables use zlib 1.2.11
2021-06-23 20:19:32 0 [Note] InnoDB: Number of pools: 1
2021-06-23 20:19:33 0 [Note] InnoDB: Using crc32 + pclmulqdq instructions
2021-06-23 20:19:34 0 [Note] InnoDB: Initializing buffer pool, total size = 536870912, chunk size = 134217728
2021-06-23 20:19:35 0 [Note] InnoDB: Completed initialization of buffer pool
2021-06-23 20:19:38 0 [Note] InnoDB: Starting crash recovery from checkpoint LSN=69990,69990
2021-06-23 20:19:55 0 [Note] InnoDB: Starting final batch to recover 6 pages from redo log.
2021-06-23 20:19:56 0 [Note] InnoDB: To recover: 6 pages from log
2021-06-23 20:20:02 0 [Note] InnoDB: 128 rollback segments are active.
2021-06-23 20:20:08 0 [Note] InnoDB: Removed temporary tablespace data file: "ibtmp1"
2021-06-23 20:20:08 0 [Note] InnoDB: Creating shared tablespace for temporary tables
2021-06-23 20:20:08 0 [Note] InnoDB: Setting file '.\ibtmp1' size to 12 MB. Physically writing the file full; Please wait ...
2021-06-23 20:20:08 0 [Note] InnoDB: File '.\ibtmp1' size is now 12 MB.
2021-06-23 20:20:08 0 [Note] InnoDB: 10.5.9 started; log sequence number 73901; transaction id 94
2021-06-23 20:20:08 0 [Note] InnoDB: Loading buffer pool(s) from F:\xampp\htdocs\payalVimal\project2\venders\database\data\ib_buffer_pool
2021-06-23 20:20:09 0 [Note] Plugin 'FEEDBACK' is disabled.
2021-06-23 20:20:11 0 [Note] InnoDB: Buffer pool(s) load completed at 210623 20:20:11
2021-06-23 20:20:19 0 [Note] Server socket created on IP: '::'.
2021-06-23 20:20:49 0 [Note] Reading of all Master_info entries succeeded
2021-06-23 20:20:49 0 [Note] Added new Master_info '' to hash table
2021-06-23 20:20:49 0 [Note] F:\xampp\htdocs\payalVimal\project2\venders\database\bin\mysqld.exe: ready for connections.
Version: '10.5.9-MariaDB'  socket: ''  port: 3308  mariadb.org binary distribution
InnoDB: using atomic writes.
2021-06-24 16:20:23 0 [Note] InnoDB: Uses event mutexes
2021-06-24 16:20:23 0 [Note] InnoDB: Compressed tables use zlib 1.2.11
2021-06-24 16:20:25 0 [Note] InnoDB: Number of pools: 1
2021-06-24 16:20:27 0 [Note] InnoDB: Using crc32 + pclmulqdq instructions
2021-06-24 16:20:28 0 [Note] InnoDB: Initializing buffer pool, total size = 536870912, chunk size = 134217728
2021-06-24 16:20:29 0 [Note] InnoDB: Completed initialization of buffer pool
2021-06-24 16:20:34 0 [Note] InnoDB: Starting crash recovery from checkpoint LSN=69990,69990
2021-06-24 16:20:44 0 [Note] InnoDB: Read redo log up to LSN=74752
2021-06-24 16:21:05 0 [Note] InnoDB: Starting final batch to recover 6 pages from redo log.
2021-06-24 16:21:06 0 [Note] InnoDB: To recover: 6 pages from log
2021-06-24 16:21:07 0 [Note] InnoDB: 128 rollback segments are active.
2021-06-24 16:21:15 0 [Note] InnoDB: Removed temporary tablespace data file: "ibtmp1"
2021-06-24 16:21:15 0 [Note] InnoDB: Creating shared tablespace for temporary tables
2021-06-24 16:21:15 0 [Note] InnoDB: Setting file '.\ibtmp1' size to 12 MB. Physically writing the file full; Please wait ...
2021-06-24 16:21:15 0 [Note] InnoDB: File '.\ibtmp1' size is now 12 MB.
2021-06-24 16:21:15 0 [Note] InnoDB: 10.5.9 started; log sequence number 74262; transaction id 94
2021-06-24 16:21:16 0 [Note] InnoDB: Loading buffer pool(s) from F:\xampp\htdocs\payalVimal\project2\venders\database\data\ib_buffer_pool
2021-06-24 16:21:16 0 [Note] Plugin 'FEEDBACK' is disabled.
2021-06-24 16:21:22 0 [Note] InnoDB: Buffer pool(s) load completed at 210624 16:21:22
2021-06-24 16:21:29 0 [Note] Server socket created on IP: '::'.
2021-06-24 16:21:54 0 [Note] Reading of all Master_info entries succeeded
2021-06-24 16:21:54 0 [Note] Added new Master_info '' to hash table
2021-06-24 16:21:54 0 [Note] F:\xampp\htdocs\payalVimal\project2\venders\database\bin\mysqld.exe: ready for connections.
Version: '10.5.9-MariaDB'  socket: ''  port: 3308  mariadb.org binary distribution
InnoDB: using atomic writes.
2021-06-24 20:26:31 0 [Note] InnoDB: Uses event mutexes
2021-06-24 20:26:31 0 [Note] InnoDB: Compressed tables use zlib 1.2.11
2021-06-24 20:26:33 0 [Note] InnoDB: Number of pools: 1
2021-06-24 20:26:35 0 [Note] InnoDB: Using crc32 + pclmulqdq instructions
2021-06-24 20:26:36 0 [Note] InnoDB: Initializing buffer pool, total size = 536870912, chunk size = 134217728
2021-06-24 20:26:37 0 [Note] InnoDB: Completed initialization of buffer pool
2021-06-24 20:26:42 0 [Note] InnoDB: Starting crash recovery from checkpoint LSN=69990,69990
2021-06-24 20:26:54 0 [Note] InnoDB: Read redo log up to LSN=74752
2021-06-24 20:27:22 0 [Note] InnoDB: Starting final batch to recover 6 pages from redo log.
2021-06-24 20:27:22 0 [Note] InnoDB: To recover: 6 pages from log
2021-06-24 20:27:24 0 [Note] InnoDB: 128 rollback segments are active.
2021-06-24 20:27:31 0 [Note] InnoDB: Removed temporary tablespace data file: "ibtmp1"
2021-06-24 20:27:31 0 [Note] InnoDB: Creating shared tablespace for temporary tables
2021-06-24 20:27:31 0 [Note] InnoDB: Setting file '.\ibtmp1' size to 12 MB. Physically writing the file full; Please wait ...
2021-06-24 20:27:31 0 [Note] InnoDB: File '.\ibtmp1' size is now 12 MB.
2021-06-24 20:27:31 0 [Note] InnoDB: 10.5.9 started; log sequence number 74415; transaction id 94
2021-06-24 20:27:31 0 [Note] InnoDB: Loading buffer pool(s) from F:\xampp\htdocs\payalVimal\project2\venders\database\data\ib_buffer_pool
2021-06-24 20:27:31 0 [Note] Plugin 'FEEDBACK' is disabled.
2021-06-24 20:27:37 0 [Note] InnoDB: Buffer pool(s) load completed at 210624 20:27:37
2021-06-24 20:27:44 0 [Note] Server socket created on IP: '::'.
2021-06-24 20:28:18 0 [Note] Reading of all Master_info entries succeeded
2021-06-24 20:28:18 0 [Note] Added new Master_info '' to hash table
2021-06-24 20:28:18 0 [Note] F:\xampp\htdocs\payalVimal\project2\venders\database\bin\mysqld.exe: ready for connections.
Version: '10.5.9-MariaDB'  socket: ''  port: 3308  mariadb.org binary distribution
2021-06-25  8:14:54 3 [Warning] Aborted connection 3 to db: 'companydirectory' user: 'root' host: 'localhost' (Got timeout reading communication packets)
2021-06-27 14:39:42 625 [Warning] Aborted connection 625 to db: 'companydirectory' user: 'root' host: 'localhost' (Got timeout reading communication packets)
InnoDB: using atomic writes.
2021-06-27 14:59:07 0 [Note] InnoDB: Uses event mutexes
2021-06-27 14:59:07 0 [Note] InnoDB: Compressed tables use zlib 1.2.11
2021-06-27 14:59:09 0 [Note] InnoDB: Number of pools: 1
2021-06-27 14:59:10 0 [Note] InnoDB: Using crc32 + pclmulqdq instructions
2021-06-27 14:59:11 0 [Note] InnoDB: Initializing buffer pool, total size = 536870912, chunk size = 134217728
2021-06-27 14:59:12 0 [Note] InnoDB: Completed initialization of buffer pool
2021-06-27 14:59:17 0 [Note] InnoDB: Starting crash recovery from checkpoint LSN=69990,69990
2021-06-27 14:59:33 0 [Note] InnoDB: To recover: 40 pages from log
2021-06-27 14:59:44 0 [Note] InnoDB: Starting final batch to recover 6 pages from redo log.
2021-06-27 14:59:47 0 [Note] InnoDB: 128 rollback segments are active.
2021-06-27 14:59:57 0 [Note] InnoDB: Removed temporary tablespace data file: "ibtmp1"
2021-06-27 14:59:57 0 [Note] InnoDB: Creating shared tablespace for temporary tables
2021-06-27 14:59:57 0 [Note] InnoDB: Setting file '.\ibtmp1' size to 12 MB. Physically writing the file full; Please wait ...
2021-06-27 14:59:57 0 [Note] InnoDB: File '.\ibtmp1' size is now 12 MB.
2021-06-27 14:59:57 0 [Note] InnoDB: 10.5.9 started; log sequence number 78590; transaction id 132
2021-06-27 14:59:57 0 [Note] InnoDB: Loading buffer pool(s) from F:\xampp\htdocs\payalVimal\project2\venders\database\data\ib_buffer_pool
2021-06-27 14:59:59 0 [Note] Plugin 'FEEDBACK' is disabled.
2021-06-27 15:00:04 0 [Note] InnoDB: Buffer pool(s) load completed at 210627 15:00:04
2021-06-27 15:00:11 0 [Note] Server socket created on IP: '::'.
2021-06-27 15:00:37 0 [Note] Reading of all Master_info entries succeeded
2021-06-27 15:00:37 0 [Note] Added new Master_info '' to hash table
2021-06-27 15:00:37 0 [Note] F:\xampp\htdocs\payalVimal\project2\venders\database\bin\mysqld.exe: ready for connections.
Version: '10.5.9-MariaDB'  socket: ''  port: 3308  mariadb.org binary distribution
InnoDB: using atomic writes.
2021-06-28  9:44:05 0 [Note] InnoDB: Uses event mutexes
2021-06-28  9:44:05 0 [Note] InnoDB: Compressed tables use zlib 1.2.11
2021-06-28  9:44:06 0 [Note] InnoDB: Number of pools: 1
2021-06-28  9:44:06 0 [Note] InnoDB: Using crc32 + pclmulqdq instructions
2021-06-28  9:44:06 0 [Note] InnoDB: Initializing buffer pool, total size = 536870912, chunk size = 134217728
2021-06-28  9:44:06 0 [Note] InnoDB: Completed initialization of buffer pool
2021-06-28  9:44:06 0 [Note] InnoDB: Starting crash recovery from checkpoint LSN=69990,69990
2021-06-28  9:44:08 0 [Note] InnoDB: Starting final batch to recover 6 pages from redo log.
2021-06-28  9:44:09 0 [Note] InnoDB: 128 rollback segments are active.
2021-06-28  9:44:09 0 [Note] InnoDB: Removed temporary tablespace data file: "ibtmp1"
2021-06-28  9:44:09 0 [Note] InnoDB: Creating shared tablespace for temporary tables
2021-06-28  9:44:09 0 [Note] InnoDB: Setting file '.\ibtmp1' size to 12 MB. Physically writing the file full; Please wait ...
2021-06-28  9:44:09 0 [Note] InnoDB: File '.\ibtmp1' size is now 12 MB.
2021-06-28  9:44:09 0 [Note] InnoDB: 10.5.9 started; log sequence number 81726; transaction id 176
2021-06-28  9:44:09 0 [Note] InnoDB: Loading buffer pool(s) from F:\xampp\htdocs\payalVimal\project2\venders\database\data\ib_buffer_pool
2021-06-28  9:44:09 0 [Note] Plugin 'FEEDBACK' is disabled.
2021-06-28  9:44:10 0 [Note] InnoDB: Buffer pool(s) load completed at 210628  9:44:10
2021-06-28  9:44:10 0 [Note] Server socket created on IP: '::'.
2021-06-28  9:44:10 0 [Note] Reading of all Master_info entries succeeded
2021-06-28  9:44:10 0 [Note] Added new Master_info '' to hash table
2021-06-28  9:44:10 0 [Note] F:\xampp\htdocs\payalVimal\project2\venders\database\bin\mysqld.exe: ready for connections.
Version: '10.5.9-MariaDB'  socket: ''  port: 3308  mariadb.org binary distribution
2021-06-28 17:47:28 3 [Warning] Aborted connection 3 to db: 'companydirectory' user: 'root' host: 'localhost' (Got an error reading communication packets)
2021-06-28 17:54:38 647 [Warning] Access denied for user 'root'@'localhost' (using password: YES)
2021-06-29  8:05:50 648 [Warning] Aborted connection 648 to db: 'companydirectory' user: 'root' host: 'localhost' (Got timeout reading communication packets)
InnoDB: using atomic writes.
2021-07-02 20:03:18 0 [Note] InnoDB: Uses event mutexes
2021-07-02 20:03:18 0 [Note] InnoDB: Compressed tables use zlib 1.2.11
2021-07-02 20:03:18 0 [Note] InnoDB: Number of pools: 1
2021-07-02 20:03:21 0 [Note] InnoDB: Using crc32 + pclmulqdq instructions
2021-07-02 20:03:21 0 [Note] InnoDB: Initializing buffer pool, total size = 536870912, chunk size = 134217728
2021-07-02 20:03:22 0 [Note] InnoDB: Completed initialization of buffer pool
2021-07-02 20:03:32 0 [Note] InnoDB: Starting crash recovery from checkpoint LSN=69990,69990
2021-07-02 20:03:34 0 [Note] InnoDB: Ignoring data file '.\companydirectory\department.ibd' with space ID 9, since the redo log references .\companydirectory\department.ibd with space ID 5.
2021-07-02 20:03:51 0 [Note] InnoDB: Read redo log up to LSN=169984
2021-07-02 20:04:06 0 [Note] InnoDB: To recover: 176 pages from log
2021-07-02 20:04:19 0 [Note] InnoDB: Starting final batch to recover 18 pages from redo log.
2021-07-02 20:04:48 0 [Note] InnoDB: 128 rollback segments are active.
2021-07-02 20:04:49 0 [Note] InnoDB: Removed temporary tablespace data file: "ibtmp1"
2021-07-02 20:04:49 0 [Note] InnoDB: Creating shared tablespace for temporary tables
2021-07-02 20:04:49 0 [Note] InnoDB: Setting file '.\ibtmp1' size to 12 MB. Physically writing the file full; Please wait ...
2021-07-02 20:04:49 0 [Note] InnoDB: File '.\ibtmp1' size is now 12 MB.
2021-07-02 20:04:49 0 [Note] InnoDB: 10.5.9 started; log sequence number 169505; transaction id 659
2021-07-02 20:04:49 0 [Note] InnoDB: Loading buffer pool(s) from F:\xampp\htdocs\payalVimal\project2\venders\database\data\ib_buffer_pool
2021-07-02 20:04:49 0 [Note] Plugin 'FEEDBACK' is disabled.
2021-07-02 20:04:50 0 [Note] InnoDB: Buffer pool(s) load completed at 210702 20:04:50
2021-07-02 20:04:52 0 [Note] Server socket created on IP: '::'.
2021-07-02 20:05:40 0 [Note] Reading of all Master_info entries succeeded
2021-07-02 20:05:40 0 [Note] Added new Master_info '' to hash table
2021-07-02 20:05:40 0 [Note] F:\xampp\htdocs\payalVimal\project2\venders\database\bin\mysqld.exe: ready for connections.
Version: '10.5.9-MariaDB'  socket: ''  port: 3308  mariadb.org binary distribution
2021-07-02 21:43:22 3 [Warning] Aborted connection 3 to db: 'companydirectory' user: 'root' host: 'localhost' (Got an error reading communication packets)
InnoDB: using atomic writes.
2021-07-09 12:41:47 0 [Note] InnoDB: Uses event mutexes
2021-07-09 12:41:47 0 [Note] InnoDB: Compressed tables use zlib 1.2.11
2021-07-09 12:41:48 0 [Note] InnoDB: Number of pools: 1
2021-07-09 12:41:48 0 [Note] InnoDB: Using crc32 + pclmulqdq instructions
2021-07-09 12:41:48 0 [Note] InnoDB: Initializing buffer pool, total size = 536870912, chunk size = 134217728
2021-07-09 12:41:48 0 [Note] InnoDB: Completed initialization of buffer pool
2021-07-09 12:41:49 0 [Note] InnoDB: Starting crash recovery from checkpoint LSN=69990,69990
2021-07-09 12:41:49 0 [Note] InnoDB: Ignoring data file '.\companydirectory\department.ibd' with space ID 9, since the redo log references .\companydirectory\department.ibd with space ID 5.
2021-07-09 12:41:55 0 [Note] InnoDB: Starting final batch to recover 18 pages from redo log.
2021-07-09 12:41:56 0 [Note] InnoDB: 128 rollback segments are active.
2021-07-09 12:41:58 0 [Note] InnoDB: Removed temporary tablespace data file: "ibtmp1"
2021-07-09 12:41:58 0 [Note] InnoDB: Creating shared tablespace for temporary tables
2021-07-09 12:41:58 0 [Note] InnoDB: Setting file '.\ibtmp1' size to 12 MB. Physically writing the file full; Please wait ...
2021-07-09 12:41:58 0 [Note] InnoDB: File '.\ibtmp1' size is now 12 MB.
2021-07-09 12:41:58 0 [Note] InnoDB: 10.5.9 started; log sequence number 169771; transaction id 659
2021-07-09 12:41:58 0 [Note] InnoDB: Loading buffer pool(s) from F:\xampp\htdocs\payalVimal\project2\venders\database\data\ib_buffer_pool
2021-07-09 12:41:58 0 [Note] Plugin 'FEEDBACK' is disabled.
2021-07-09 12:41:58 0 [Note] InnoDB: Buffer pool(s) load completed at 210709 12:41:58
2021-07-09 12:42:01 0 [Note] Server socket created on IP: '::'.
2021-07-09 12:42:10 0 [Note] Reading of all Master_info entries succeeded
2021-07-09 12:42:10 0 [Note] Added new Master_info '' to hash table
2021-07-09 12:42:10 0 [Note] F:\xampp\htdocs\payalVimal\project2\venders\database\bin\mysqld.exe: ready for connections.
Version: '10.5.9-MariaDB'  socket: ''  port: 3308  mariadb.org binary distribution
2021-07-09 14:16:07 3 [Warning] Aborted connection 3 to db: 'companydirectory' user: 'root' host: 'localhost' (Got an error reading communication packets)
2021-07-09 14:17:27 38 [Warning] Aborted connection 38 to db: 'companydirectory' user: 'root' host: 'localhost' (Got an error reading communication packets)
2021-07-09 14:22:36 39 [Warning] Aborted connection 39 to db: 'companydirectory' user: 'root' host: 'localhost' (Got an error reading communication packets)
InnoDB: using atomic writes.
2021-07-10 23:16:12 0 [Note] InnoDB: Uses event mutexes
2021-07-10 23:16:12 0 [Note] InnoDB: Compressed tables use zlib 1.2.11
2021-07-10 23:16:12 0 [Note] InnoDB: Number of pools: 1
2021-07-10 23:16:12 0 [Note] InnoDB: Using crc32 + pclmulqdq instructions
2021-07-10 23:16:12 0 [Note] InnoDB: Initializing buffer pool, total size = 536870912, chunk size = 134217728
2021-07-10 23:16:12 0 [Note] InnoDB: Completed initialization of buffer pool
2021-07-10 23:16:13 0 [Note] InnoDB: Starting crash recovery from checkpoint LSN=69990,69990
2021-07-10 23:16:13 0 [Note] InnoDB: Ignoring data file '.\companydirectory\department.ibd' with space ID 9, since the redo log references .\companydirectory\department.ibd with space ID 5.
2021-07-10 23:16:14 0 [Note] InnoDB: Starting final batch to recover 18 pages from redo log.
2021-07-10 23:16:15 0 [Note] InnoDB: 128 rollback segments are active.
2021-07-10 23:16:16 0 [Note] InnoDB: Removed temporary tablespace data file: "ibtmp1"
2021-07-10 23:16:16 0 [Note] InnoDB: Creating shared tablespace for temporary tables
2021-07-10 23:16:16 0 [Note] InnoDB: Setting file '.\ibtmp1' size to 12 MB. Physically writing the file full; Please wait ...
2021-07-10 23:16:16 0 [Note] InnoDB: File '.\ibtmp1' size is now 12 MB.
2021-07-10 23:16:16 0 [Note] InnoDB: 10.5.9 started; log sequence number 170341; transaction id 669
2021-07-10 23:16:16 0 [Note] InnoDB: Loading buffer pool(s) from F:\xampp\htdocs\payalVimal\project2\venders\database\data\ib_buffer_pool
2021-07-10 23:16:16 0 [Note] Plugin 'FEEDBACK' is disabled.
2021-07-10 23:16:16 0 [Note] InnoDB: Buffer pool(s) load completed at 210710 23:16:16
2021-07-10 23:16:17 0 [Note] Server socket created on IP: '::'.
2021-07-10 23:16:20 0 [Note] Reading of all Master_info entries succeeded
2021-07-10 23:16:20 0 [Note] Added new Master_info '' to hash table
2021-07-10 23:16:20 0 [Note] F:\xampp\htdocs\payalVimal\project2\venders\database\bin\mysqld.exe: ready for connections.
Version: '10.5.9-MariaDB'  socket: ''  port: 3308  mariadb.org binary distribution
2021-07-11 11:05:32 3 [Warning] Aborted connection 3 to db: 'companydirectory' user: 'root' host: 'localhost' (Got timeout reading communication packets)
2021-07-12  8:15:20 1264 [Warning] Aborted connection 1264 to db: 'companydirectory' user: 'root' host: 'localhost' (Got timeout reading communication packets)
2021-07-14  8:22:43 1550 [Warning] Aborted connection 1550 to db: 'companydirectory' user: 'root' host: 'localhost' (Got timeout reading communication packets)
InnoDB: using atomic writes.
2021-07-14 12:04:35 0 [Note] InnoDB: Uses event mutexes
2021-07-14 12:04:35 0 [Note] InnoDB: Compressed tables use zlib 1.2.11
2021-07-14 12:04:38 0 [Note] InnoDB: Number of pools: 1
2021-07-14 12:04:43 0 [Note] InnoDB: Using crc32 + pclmulqdq instructions
2021-07-14 12:04:44 0 [Note] InnoDB: Initializing buffer pool, total size = 536870912, chunk size = 134217728
2021-07-14 12:04:44 0 [Note] InnoDB: Completed initialization of buffer pool
2021-07-14 12:04:49 0 [Note] InnoDB: Starting crash recovery from checkpoint LSN=69990,69990
2021-07-14 12:04:51 0 [Note] InnoDB: Ignoring data file '.\companydirectory\department.ibd' with space ID 9, since the redo log references .\companydirectory\department.ibd with space ID 5.
2021-07-14 12:05:02 0 [Note] InnoDB: Read redo log up to LSN=188928
2021-07-14 12:05:04 0 [Note] InnoDB: Starting final batch to recover 18 pages from redo log.
2021-07-14 12:05:06 0 [Note] InnoDB: 128 rollback segments are active.
2021-07-14 12:05:07 0 [Note] InnoDB: Removed temporary tablespace data file: "ibtmp1"
2021-07-14 12:05:07 0 [Note] InnoDB: Creating shared tablespace for temporary tables
2021-07-14 12:05:07 0 [Note] InnoDB: Setting file '.\ibtmp1' size to 12 MB. Physically writing the file full; Please wait ...
2021-07-14 12:05:07 0 [Note] InnoDB: File '.\ibtmp1' size is now 12 MB.
2021-07-14 12:05:07 0 [Note] InnoDB: 10.5.9 started; log sequence number 188711; transaction id 775
2021-07-14 12:05:07 0 [Note] InnoDB: Loading buffer pool(s) from F:\xampp\htdocs\payalVimal\project2\venders\database\data\ib_buffer_pool
2021-07-14 12:05:07 0 [Note] Plugin 'FEEDBACK' is disabled.
2021-07-14 12:05:08 0 [Note] InnoDB: Buffer pool(s) load completed at 210714 12:05:08
2021-07-14 12:05:09 0 [Note] Server socket created on IP: '::'.
2021-07-14 12:05:22 0 [Note] Reading of all Master_info entries succeeded
2021-07-14 12:05:22 0 [Note] Added new Master_info '' to hash table
2021-07-14 12:05:22 0 [Note] F:\xampp\htdocs\payalVimal\project2\venders\database\bin\mysqld.exe: ready for connections.
Version: '10.5.9-MariaDB'  socket: ''  port: 3308  mariadb.org binary distribution
InnoDB: using atomic writes.
2021-07-16  8:58:01 0 [Note] InnoDB: Uses event mutexes
2021-07-16  8:58:01 0 [Note] InnoDB: Compressed tables use zlib 1.2.11
2021-07-16  8:58:04 0 [Note] InnoDB: Number of pools: 1
2021-07-16  8:58:06 0 [Note] InnoDB: Using crc32 + pclmulqdq instructions
2021-07-16  8:58:07 0 [Note] InnoDB: Initializing buffer pool, total size = 536870912, chunk size = 134217728
2021-07-16  8:58:07 0 [Note] InnoDB: Completed initialization of buffer pool
2021-07-16  8:58:13 0 [Note] InnoDB: Starting crash recovery from checkpoint LSN=69990,69990
2021-07-16  8:58:15 0 [Note] InnoDB: Ignoring data file '.\companydirectory\department.ibd' with space ID 9, since the redo log references .\companydirectory\department.ibd with space ID 5.
2021-07-16  8:58:33 0 [Note] InnoDB: Read redo log up to LSN=188928
2021-07-16  8:58:45 0 [Note] InnoDB: Starting final batch to recover 18 pages from redo log.
2021-07-16  8:58:48 0 [Note] InnoDB: 128 rollback segments are active.
2021-07-16  8:58:52 0 [Note] InnoDB: Removed temporary tablespace data file: "ibtmp1"
2021-07-16  8:58:52 0 [Note] InnoDB: Creating shared tablespace for temporary tables
2021-07-16  8:58:52 0 [Note] InnoDB: Setting file '.\ibtmp1' size to 12 MB. Physically writing the file full; Please wait ...
2021-07-16  8:58:52 0 [Note] InnoDB: File '.\ibtmp1' size is now 12 MB.
2021-07-16  8:58:52 0 [Note] InnoDB: 10.5.9 started; log sequence number 188899; transaction id 775
2021-07-16  8:58:52 0 [Note] InnoDB: Loading buffer pool(s) from F:\xampp\htdocs\payalVimal\project2\venders\database\data\ib_buffer_pool
2021-07-16  8:58:53 0 [Note] Plugin 'FEEDBACK' is disabled.
2021-07-16  8:58:55 0 [Note] InnoDB: Buffer pool(s) load completed at 210716  8:58:55
2021-07-16  8:59:06 0 [Note] Server socket created on IP: '::'.
2021-07-16  9:00:22 0 [Note] Reading of all Master_info entries succeeded
2021-07-16  9:00:22 0 [Note] Added new Master_info '' to hash table
2021-07-16  9:00:22 0 [Note] F:\xampp\htdocs\payalVimal\project2\venders\database\bin\mysqld.exe: ready for connections.
Version: '10.5.9-MariaDB'  socket: ''  port: 3308  mariadb.org binary distribution
2021-07-17 21:33:14 6 [Warning] Aborted connection 6 to db: 'unconnected' user: 'unauthenticated' host: 'localhost' (Got an error reading communication packets)
2021-07-17 21:33:17 6 [Warning] Aborted connection 6 to db: 'unconnected' user: 'unauthenticated' host: 'localhost' (This connection closed normally without authentication)
2021-07-17 21:33:17 4 [Warning] Aborted connection 4 to db: 'unconnected' user: 'unauthenticated' host: 'localhost' (Got an error reading communication packets)
2021-07-17 21:33:17 5 [Warning] Aborted connection 5 to db: 'unconnected' user: 'unauthenticated' host: 'localhost' (Got an error reading communication packets)
2021-07-17 21:33:17 5 [Warning] Aborted connection 5 to db: 'unconnected' user: 'unauthenticated' host: 'localhost' (This connection closed normally without authentication)
2021-07-17 21:33:17 4 [Warning] Aborted connection 4 to db: 'unconnected' user: 'unauthenticated' host: 'localhost' (This connection closed normally without authentication)
2021-07-17 21:35:25 9 [Note] Detected table cache mutex contention at instance 1: 29% waits. Additional table cache instance activated. Number of instances after activation: 2.
2021-07-17 21:36:57 8 [Warning] Aborted connection 8 to db: 'companydirectory' user: 'root' host: 'localhost' (Got an error writing communication packets)
2021-07-17 21:36:57 9 [Warning] Aborted connection 9 to db: 'companydirectory' user: 'root' host: 'localhost' (Got an error writing communication packets)
2021-07-17 21:36:57 11 [Warning] Aborted connection 11 to db: 'companydirectory' user: 'root' host: 'localhost' (Got an error writing communication packets)
2021-07-17 21:36:58 12 [Warning] Aborted connection 12 to db: 'companydirectory' user: 'root' host: 'localhost' (Got an error writing communication packets)
2021-07-17 21:37:35 7 [Warning] Aborted connection 7 to db: 'companydirectory' user: 'root' host: 'localhost' (Got an error writing communication packets)
2021-07-17 21:37:35 10 [Warning] Aborted connection 10 to db: 'companydirectory' user: 'root' host: 'localhost' (Got an error writing communication packets)
InnoDB: using atomic writes.
2021-07-18 12:58:31 0 [Note] InnoDB: Uses event mutexes
2021-07-18 12:58:31 0 [Note] InnoDB: Compressed tables use zlib 1.2.11
2021-07-18 12:58:31 0 [Note] InnoDB: Number of pools: 1
2021-07-18 12:58:31 0 [Note] InnoDB: Using crc32 + pclmulqdq instructions
2021-07-18 12:58:31 0 [Note] InnoDB: Initializing buffer pool, total size = 536870912, chunk size = 134217728
2021-07-18 12:58:31 0 [Note] InnoDB: Completed initialization of buffer pool
2021-07-18 12:58:40 0 [Note] InnoDB: Starting crash recovery from checkpoint LSN=69990,69990
2021-07-18 12:58:42 0 [Note] InnoDB: Ignoring data file '.\companydirectory\department.ibd' with space ID 9, since the redo log references .\companydirectory\department.ibd with space ID 5.
2021-07-18 12:58:48 0 [Note] InnoDB: Read redo log up to LSN=189440
2021-07-18 12:59:06 0 [Note] InnoDB: Read redo log up to LSN=189440
2021-07-18 12:59:21 0 [Note] InnoDB: To recover: 239 pages from log
2021-07-18 12:59:36 0 [Note] InnoDB: To recover: 92 pages from log
2021-07-18 12:59:42 0 [Note] InnoDB: Starting final batch to recover 18 pages from redo log.
2021-07-18 12:59:51 0 [Note] InnoDB: 128 rollback segments are active.
2021-07-18 12:59:52 0 [Note] InnoDB: Removed temporary tablespace data file: "ibtmp1"
2021-07-18 12:59:52 0 [Note] InnoDB: Creating shared tablespace for temporary tables
2021-07-18 12:59:52 0 [Note] InnoDB: Setting file '.\ibtmp1' size to 12 MB. Physically writing the file full; Please wait ...
2021-07-18 12:59:52 0 [Note] InnoDB: File '.\ibtmp1' size is now 12 MB.
2021-07-18 12:59:52 0 [Note] InnoDB: 10.5.9 started; log sequence number 189103; transaction id 775
2021-07-18 12:59:52 0 [Note] Plugin 'FEEDBACK' is disabled.
2021-07-18 12:59:52 0 [Note] InnoDB: Loading buffer pool(s) from F:\xampp\htdocs\payalVimal\project2\venders\database\data\ib_buffer_pool
2021-07-18 12:59:53 0 [Note] Server socket created on IP: '::'.
2021-07-18 12:59:53 0 [Note] InnoDB: Buffer pool(s) load completed at 210718 12:59:53
2021-07-18 12:59:59 0 [Note] Reading of all Master_info entries succeeded
2021-07-18 12:59:59 0 [Note] Added new Master_info '' to hash table
2021-07-18 12:59:59 0 [Note] F:\xampp\htdocs\payalVimal\project2\venders\database\bin\mysqld.exe: ready for connections.
Version: '10.5.9-MariaDB'  socket: ''  port: 3308  mariadb.org binary distribution
2021-07-18 21:02:18 3 [Warning] Aborted connection 3 to db: 'companydirectory' user: 'root' host: 'localhost' (Got timeout reading communication packets)
InnoDB: using atomic writes.
2021-07-21 16:19:43 0 [Note] InnoDB: Uses event mutexes
2021-07-21 16:19:43 0 [Note] InnoDB: Compressed tables use zlib 1.2.11
2021-07-21 16:19:45 0 [Note] InnoDB: Number of pools: 1
2021-07-21 16:19:47 0 [Note] InnoDB: Using crc32 + pclmulqdq instructions
2021-07-21 16:19:48 0 [Note] InnoDB: Initializing buffer pool, total size = 536870912, chunk size = 134217728
2021-07-21 16:19:48 0 [Note] InnoDB: Completed initialization of buffer pool
2021-07-21 16:19:54 0 [Note] InnoDB: Starting crash recovery from checkpoint LSN=69990,69990
2021-07-21 16:19:56 0 [Note] InnoDB: Ignoring data file '.\companydirectory\department.ibd' with space ID 9, since the redo log references .\companydirectory\department.ibd with space ID 5.
2021-07-21 16:20:18 0 [Note] InnoDB: Read redo log up to LSN=198144
2021-07-21 16:20:33 0 [Note] InnoDB: To recover: 182 pages from log
2021-07-21 16:20:44 0 [Note] InnoDB: Starting final batch to recover 18 pages from redo log.
2021-07-21 16:20:49 0 [Note] InnoDB: 128 rollback segments are active.
2021-07-21 16:20:55 0 [Note] InnoDB: Removed temporary tablespace data file: "ibtmp1"
2021-07-21 16:20:55 0 [Note] InnoDB: Creating shared tablespace for temporary tables
2021-07-21 16:20:55 0 [Note] InnoDB: Setting file '.\ibtmp1' size to 12 MB. Physically writing the file full; Please wait ...
2021-07-21 16:20:55 0 [Note] InnoDB: File '.\ibtmp1' size is now 12 MB.
2021-07-21 16:20:55 0 [Note] InnoDB: 10.5.9 started; log sequence number 198110; transaction id 837
2021-07-21 16:20:55 0 [Note] InnoDB: Loading buffer pool(s) from F:\xampp\htdocs\payalVimal\project2\venders\database\data\ib_buffer_pool
2021-07-21 16:20:55 0 [Note] Plugin 'FEEDBACK' is disabled.
2021-07-21 16:20:58 0 [Note] InnoDB: Buffer pool(s) load completed at 210721 16:20:58
2021-07-21 16:21:02 0 [Note] Server socket created on IP: '::'.
2021-07-21 16:22:59 0 [Note] Reading of all Master_info entries succeeded
2021-07-21 16:22:59 0 [Note] Added new Master_info '' to hash table
2021-07-21 16:22:59 0 [Note] F:\xampp\htdocs\payalVimal\project2\venders\database\bin\mysqld.exe: ready for connections.
Version: '10.5.9-MariaDB'  socket: ''  port: 3308  mariadb.org binary distribution
2021-07-25 20:36:08 3 [Warning] Aborted connection 3 to db: 'companydirectory' user: 'root' host: 'localhost' (Got timeout reading communication packets)
InnoDB: using atomic writes.
2021-08-18 18:58:30 0 [Note] InnoDB: Uses event mutexes
2021-08-18 18:58:30 0 [Note] InnoDB: Compressed tables use zlib 1.2.11
2021-08-18 18:58:32 0 [Note] InnoDB: Number of pools: 1
2021-08-18 18:58:33 0 [Note] InnoDB: Using crc32 + pclmulqdq instructions
2021-08-18 18:58:33 0 [Note] InnoDB: Initializing buffer pool, total size = 536870912, chunk size = 134217728
2021-08-18 18:58:33 0 [Note] InnoDB: Completed initialization of buffer pool
2021-08-18 18:58:35 0 [Note] InnoDB: Starting crash recovery from checkpoint LSN=69990,69990
2021-08-18 18:58:37 0 [Note] InnoDB: Ignoring data file '.\companydirectory\department.ibd' with space ID 9, since the redo log references .\companydirectory\department.ibd with space ID 5.
2021-08-18 18:59:02 0 [Note] InnoDB: Read redo log up to LSN=198656
2021-08-18 18:59:17 0 [Note] InnoDB: To recover: 227 pages from log
2021-08-18 18:59:29 0 [Note] InnoDB: Starting final batch to recover 18 pages from redo log.
2021-08-18 18:59:34 0 [Note] InnoDB: 128 rollback segments are active.
2021-08-18 18:59:41 0 [Note] InnoDB: Removed temporary tablespace data file: "ibtmp1"
2021-08-18 18:59:41 0 [Note] InnoDB: Creating shared tablespace for temporary tables
2021-08-18 18:59:41 0 [Note] InnoDB: Setting file '.\ibtmp1' size to 12 MB. Physically writing the file full; Please wait ...
2021-08-18 18:59:41 0 [Note] InnoDB: File '.\ibtmp1' size is now 12 MB.
2021-08-18 18:59:41 0 [Note] InnoDB: 10.5.9 started; log sequence number 198470; transaction id 837
2021-08-18 18:59:41 0 [Note] InnoDB: Loading buffer pool(s) from F:\xampp\htdocs\payalVimal\project2\venders\database\data\ib_buffer_pool
2021-08-18 18:59:41 0 [Note] Plugin 'FEEDBACK' is disabled.
2021-08-18 18:59:56 0 [Note] InnoDB: Buffer pool(s) load completed at 210818 18:59:56
2021-08-18 19:00:02 0 [Note] Server socket created on IP: '::'.
2021-08-18 19:01:19 0 [Note] Reading of all Master_info entries succeeded
2021-08-18 19:01:19 0 [Note] Added new Master_info '' to hash table
2021-08-18 19:01:19 0 [Note] F:\xampp\htdocs\payalVimal\project2\venders\database\bin\mysqld.exe: ready for connections.
Version: '10.5.9-MariaDB'  socket: ''  port: 3308  mariadb.org binary distribution
InnoDB: using atomic writes.
2021-09-01  9:23:13 0 [Note] InnoDB: Uses event mutexes
2021-09-01  9:23:13 0 [Note] InnoDB: Compressed tables use zlib 1.2.11
2021-09-01  9:23:13 0 [Note] InnoDB: Number of pools: 1
2021-09-01  9:23:14 0 [Note] InnoDB: Using crc32 + pclmulqdq instructions
2021-09-01  9:23:14 0 [Note] InnoDB: Initializing buffer pool, total size = 536870912, chunk size = 134217728
2021-09-01  9:23:14 0 [Note] InnoDB: Completed initialization of buffer pool
2021-09-01  9:23:15 0 [Note] InnoDB: Starting crash recovery from checkpoint LSN=69990,69990
2021-09-01  9:23:15 0 [Note] InnoDB: Ignoring data file '.\companydirectory\department.ibd' with space ID 9, since the redo log references .\companydirectory\department.ibd with space ID 5.
2021-09-01  9:23:18 0 [Note] InnoDB: Starting final batch to recover 18 pages from redo log.
2021-09-01  9:23:19 0 [Note] InnoDB: 128 rollback segments are active.
2021-09-01  9:23:19 0 [Note] InnoDB: Removed temporary tablespace data file: "ibtmp1"
2021-09-01  9:23:19 0 [Note] InnoDB: Creating shared tablespace for temporary tables
2021-09-01  9:23:19 0 [Note] InnoDB: Setting file '.\ibtmp1' size to 12 MB. Physically writing the file full; Please wait ...
2021-09-01  9:23:19 0 [Note] InnoDB: File '.\ibtmp1' size is now 12 MB.
2021-09-01  9:23:19 0 [Note] InnoDB: 10.5.9 started; log sequence number 198674; transaction id 837
2021-09-01  9:23:19 0 [Note] InnoDB: Loading buffer pool(s) from F:\xampp\htdocs\payalVimal\project2\venders\database\data\ib_buffer_pool
2021-09-01  9:23:20 0 [Note] Plugin 'FEEDBACK' is disabled.
2021-09-01  9:23:20 0 [Note] InnoDB: Buffer pool(s) load completed at 210901  9:23:20
2021-09-01  9:23:21 0 [Note] Server socket created on IP: '::'.
2021-09-01  9:23:29 0 [Note] Reading of all Master_info entries succeeded
2021-09-01  9:23:29 0 [Note] Added new Master_info '' to hash table
2021-09-01  9:23:29 0 [Note] F:\xampp\htdocs\payalVimal\project2\venders\database\bin\mysqld.exe: ready for connections.
Version: '10.5.9-MariaDB'  socket: ''  port: 3308  mariadb.org binary distribution
2021-09-01  9:23:44 3 [Warning] Access denied for user 'root'@'localhost' (using password: NO)
2021-09-01  9:25:59 4 [Warning] Access denied for user 'root'@'localhost' (using password: NO)
2021-09-01  9:26:56 5 [Warning] Access denied for user 'root'@'localhost' (using password: NO)
2021-09-01  9:27:16 6 [Warning] Access denied for user 'root1'@'localhost' (using password: NO)
2021-09-01  9:30:00 7 [Warning] Access denied for user 'root'@'localhost' (using password: NO)
2021-09-02  8:40:04 8 [Warning] Aborted connection 8 to db: 'indian_bank' user: 'root' host: 'localhost' (Got timeout reading communication packets)
2021-09-02  8:53:00 0 [Note] F:\xampp\htdocs\payalVimal\project2\venders\database\bin\mysqld.exe (initiated by: unknown): Normal shutdown
2021-09-02  8:53:01 0 [Note] Event Scheduler: Purging the queue. 0 events
2021-09-02  8:53:02 0 [Note] InnoDB: FTS optimize thread exiting.
2021-09-02  8:53:10 0 [Note] InnoDB: Starting shutdown...
2021-09-02  8:53:10 0 [Note] InnoDB: Dumping buffer pool(s) to F:\xampp\htdocs\payalVimal\project2\venders\database\data\ib_buffer_pool
2021-09-02  8:53:11 0 [Note] InnoDB: Buffer pool(s) dump completed at 210902  8:53:11
2021-09-02  8:53:18 0 [Note] InnoDB: Removed temporary tablespace data file: "ibtmp1"
2021-09-02  8:53:18 0 [Note] InnoDB: Shutdown completed; log sequence number 280719; transaction id 1070
2021-09-02  8:53:19 0 [Note] F:\xampp\htdocs\payalVimal\project2\venders\database\bin\mysqld.exe: Shutdown complete

InnoDB: using atomic writes.
2021-09-02  8:53:26 0 [Note] InnoDB: Uses event mutexes
2021-09-02  8:53:26 0 [Note] InnoDB: Compressed tables use zlib 1.2.11
2021-09-02  8:53:26 0 [Note] InnoDB: Number of pools: 1
2021-09-02  8:53:26 0 [Note] InnoDB: Using crc32 + pclmulqdq instructions
2021-09-02  8:53:26 0 [Note] InnoDB: Initializing buffer pool, total size = 536870912, chunk size = 134217728
2021-09-02  8:53:26 0 [Note] InnoDB: Completed initialization of buffer pool
2021-09-02  8:53:31 0 [Note] InnoDB: 128 rollback segments are active.
2021-09-02  8:53:33 0 [Note] InnoDB: Creating shared tablespace for temporary tables
2021-09-02  8:53:33 0 [Note] InnoDB: Setting file '.\ibtmp1' size to 12 MB. Physically writing the file full; Please wait ...
2021-09-02  8:53:33 0 [Note] InnoDB: File '.\ibtmp1' size is now 12 MB.
2021-09-02  8:53:33 0 [Note] InnoDB: 10.5.9 started; log sequence number 280719; transaction id 1071
2021-09-02  8:53:33 0 [Note] Plugin 'FEEDBACK' is disabled.
2021-09-02  8:53:33 0 [Note] InnoDB: Loading buffer pool(s) from F:\xampp\htdocs\payalVimal\project2\venders\database\data\ib_buffer_pool
2021-09-02  8:53:34 0 [Note] Server socket created on IP: '::'.
2021-09-02  8:53:34 0 [Note] InnoDB: Buffer pool(s) load completed at 210902  8:53:34
2021-09-02  8:53:41 0 [Note] Reading of all Master_info entries succeeded
2021-09-02  8:53:41 0 [Note] Added new Master_info '' to hash table
2021-09-02  8:53:41 0 [Note] F:\xampp\htdocs\payalVimal\project2\venders\database\bin\mysqld.exe: ready for connections.
Version: '10.5.9-MariaDB'  socket: ''  port: 3308  mariadb.org binary distribution
2021-09-02  9:57:33 0 [Note] F:\xampp\htdocs\payalVimal\project2\venders\database\bin\mysqld.exe (initiated by: unknown): Normal shutdown
2021-09-02  9:57:34 0 [Note] Event Scheduler: Purging the queue. 0 events
2021-09-02  9:57:36 0 [Note] InnoDB: FTS optimize thread exiting.
2021-09-02  9:57:42 0 [Note] InnoDB: Starting shutdown...
2021-09-02  9:57:42 0 [Note] InnoDB: Dumping buffer pool(s) to F:\xampp\htdocs\payalVimal\project2\venders\database\data\ib_buffer_pool
2021-09-02  9:57:42 0 [Note] InnoDB: Buffer pool(s) dump completed at 210902  9:57:42
2021-09-02  9:57:52 0 [Note] InnoDB: Removed temporary tablespace data file: "ibtmp1"
2021-09-02  9:57:52 0 [Note] InnoDB: Shutdown completed; log sequence number 364693; transaction id 1318
2021-09-02  9:57:55 0 [Note] F:\xampp\htdocs\payalVimal\project2\venders\database\bin\mysqld.exe: Shutdown complete

InnoDB: using atomic writes.
2021-09-02  9:58:23 0 [Note] InnoDB: Uses event mutexes
2021-09-02  9:58:23 0 [Note] InnoDB: Compressed tables use zlib 1.2.11
2021-09-02  9:58:23 0 [Note] InnoDB: Number of pools: 1
2021-09-02  9:58:23 0 [Note] InnoDB: Using crc32 + pclmulqdq instructions
2021-09-02  9:58:23 0 [Note] InnoDB: Initializing buffer pool, total size = 536870912, chunk size = 134217728
2021-09-02  9:58:23 0 [Note] InnoDB: Completed initialization of buffer pool
2021-09-02  9:58:24 0 [Note] InnoDB: 128 rollback segments are active.
2021-09-02  9:58:25 0 [Note] InnoDB: Creating shared tablespace for temporary tables
2021-09-02  9:58:25 0 [Note] InnoDB: Setting file '.\ibtmp1' size to 12 MB. Physically writing the file full; Please wait ...
2021-09-02  9:58:25 0 [Note] InnoDB: File '.\ibtmp1' size is now 12 MB.
2021-09-02  9:58:25 0 [Note] InnoDB: 10.5.9 started; log sequence number 364693; transaction id 1319
2021-09-02  9:58:25 0 [Note] InnoDB: Loading buffer pool(s) from F:\xampp\htdocs\payalVimal\project2\venders\database\data\ib_buffer_pool
2021-09-02  9:58:25 0 [Note] Plugin 'FEEDBACK' is disabled.
2021-09-02  9:58:25 0 [Note] Server socket created on IP: '::'.
2021-09-02  9:58:25 0 [Note] InnoDB: Buffer pool(s) load completed at 210902  9:58:25
2021-09-02  9:58:27 0 [Note] Reading of all Master_info entries succeeded
2021-09-02  9:58:27 0 [Note] Added new Master_info '' to hash table
2021-09-02  9:58:27 0 [Note] F:\xampp\htdocs\payalVimal\project2\venders\database\bin\mysqld.exe: ready for connections.
Version: '10.5.9-MariaDB'  socket: ''  port: 3308  mariadb.org binary distribution
InnoDB: using atomic writes.
2021-09-16 16:06:03 0 [Note] InnoDB: Uses event mutexes
2021-09-16 16:06:03 0 [Note] InnoDB: Compressed tables use zlib 1.2.11
2021-09-16 16:06:18 0 [Note] InnoDB: Number of pools: 1
2021-09-16 16:06:33 0 [Note] InnoDB: Using crc32 + pclmulqdq instructions
2021-09-16 16:06:41 0 [Note] InnoDB: Initializing buffer pool, total size = 536870912, chunk size = 134217728
2021-09-16 16:06:41 0 [Note] InnoDB: Completed initialization of buffer pool
2021-09-16 16:06:57 0 [Note] InnoDB: Starting crash recovery from checkpoint LSN=364693,364693
2021-09-16 16:07:41 0 [Note] InnoDB: 128 rollback segments are active.
2021-09-16 16:07:56 0 [Note] InnoDB: Removed temporary tablespace data file: "ibtmp1"
2021-09-16 16:07:56 0 [Note] InnoDB: Creating shared tablespace for temporary tables
2021-09-16 16:07:56 0 [Note] InnoDB: Setting file '.\ibtmp1' size to 12 MB. Physically writing the file full; Please wait ...
2021-09-16 16:07:56 0 [Note] InnoDB: File '.\ibtmp1' size is now 12 MB.
2021-09-16 16:07:56 0 [Note] InnoDB: 10.5.9 started; log sequence number 364705; transaction id 1319
2021-09-16 16:07:56 0 [Note] Plugin 'FEEDBACK' is disabled.
2021-09-16 16:07:57 0 [Note] InnoDB: Loading buffer pool(s) from F:\xampp\htdocs\payalVimal\project2\venders\database\data\ib_buffer_pool
2021-09-16 16:08:10 0 [Note] Server socket created on IP: '::'.
2021-09-16 16:08:12 0 [Note] InnoDB: Buffer pool(s) load completed at 210916 16:08:12
2021-09-16 16:08:43 0 [Note] Reading of all Master_info entries succeeded
2021-09-16 16:08:43 0 [Note] Added new Master_info '' to hash table
2021-09-16 16:08:43 0 [Note] F:\xampp\htdocs\payalVimal\project2\venders\database\bin\mysqld.exe: ready for connections.
Version: '10.5.9-MariaDB'  socket: ''  port: 3308  mariadb.org binary distribution
